<?xml version="1.0" encoding="UTF-8"?>
<testsuite name="com.syd.selenideintro.TodoMvcTestTask1" tests="1" skipped="0" failures="0" errors="0" timestamp="2020-07-03T21:45:22" hostname="MacBook-Pro.local" time="4.116">
  <properties/>
  <testcase name="completeTask()" classname="com.syd.selenideintro.TodoMvcTestTask1" time="4.116"/>
  <system-out><![CDATA[]]></system-out>
  <system-err><![CDATA[SLF4J: Failed to load class "org.slf4j.impl.StaticLoggerBinder".
SLF4J: Defaulting to no-operation (NOP) logger implementation
SLF4J: See http://www.slf4j.org/codes.html#StaticLoggerBinder for further details.
Starting ChromeDriver 83.0.4103.39 (ccbf011cb2d2b19b506d844400483861342c20cd-refs/branch-heads/4103@{#416}) on port 11421
Only local connections are allowed.
Please see https://chromedriver.chromium.org/security-considerations for suggestions on keeping ChromeDriver safe.
ChromeDriver was started successfully.
Jul 04, 2020 12:45:23 AM org.openqa.selenium.remote.ProtocolHandshake createSession
INFO: Detected dialect: W3C
]]></system-err>
</testsuite>
